<?xml version="1.0" encoding="UTF-8"?>
<testsuite name="StringDrinkTest" tests="7" skipped="0" failures="0" errors="0" timestamp="2021-12-03T15:56:52" hostname="SNEINHZPC" time="0.052">
  <properties/>
  <testcase name="stringReplacer()" classname="StringDrinkTest" time="0.037"/>
  <testcase name="stringDrink()" classname="StringDrinkTest" time="0.001"/>
  <testcase name="stringInverter()" classname="StringDrinkTest" time="0.002"/>
  <testcase name="transformerGroup()" classname="StringDrinkTest" time="0.003"/>
  <testcase name="transformerComposite()" classname="StringDrinkTest" time="0.002"/>
  <testcase name="stringRecipe()" classname="StringDrinkTest" time="0.001"/>
  <testcase name="stringCaseChanger()" classname="StringDrinkTest" time="0.001"/>
  <system-out><![CDATA[]]></system-out>
  <system-err><![CDATA[]]></system-err>
</testsuite>
