<?xml version="1.0" encoding="UTF-8"?>
<testsuite name="com.aor.numbers.PositiveFilterTest" tests="1" skipped="0" failures="0" errors="0" timestamp="2021-11-26T16:06:19" hostname="SNEINHZPC" time="0.014">
  <properties/>
  <testcase name="testing()" classname="com.aor.numbers.PositiveFilterTest" time="0.014"/>
  <system-out><![CDATA[]]></system-out>
  <system-err><![CDATA[]]></system-err>
</testsuite>
